0 info it worked if it ends with ok
1 verbose cli [ '/usr/bin/nodejs', '/usr/bin/npm', 'run', 'dev' ]
2 info using npm@2.14.12
3 info using node@v4.3.2
4 verbose run-script [ 'predev', 'dev', 'postdev' ]
5 info predev webpack-dead-simple-with-own-modules-and-live-refresh@1.0.0
6 info dev webpack-dead-simple-with-own-modules-and-live-refresh@1.0.0
7 verbose unsafe-perm in lifecycle true
8 info webpack-dead-simple-with-own-modules-and-live-refresh@1.0.0 Failed to exec dev script
9 verbose stack Error: webpack-dead-simple-with-own-modules-and-live-refresh@1.0.0 dev: `webpack-dev-server --port 8090 --devtool eval --progress --colors --content-base build`
9 verbose stack spawn ENOENT
9 verbose stack     at ChildProcess.<anonymous> (/usr/lib/node_modules/npm/lib/utils/spawn.js:17:16)
9 verbose stack     at emitTwo (events.js:87:13)
9 verbose stack     at ChildProcess.emit (events.js:172:7)
9 verbose stack     at maybeClose (internal/child_process.js:821:16)
9 verbose stack     at Process.ChildProcess._handle.onexit (internal/child_process.js:211:5)
10 verbose pkgid webpack-dead-simple-with-own-modules-and-live-refresh@1.0.0
11 verbose cwd /home/mperdikeas/archetypes/webpack/00-dead-simple-own-libraries-live-refresh
12 error Linux 3.16.0-48-generic
13 error argv "/usr/bin/nodejs" "/usr/bin/npm" "run" "dev"
14 error node v4.3.2
15 error npm  v2.14.12
16 error file sh
17 error code ELIFECYCLE
18 error errno ENOENT
19 error syscall spawn
20 error webpack-dead-simple-with-own-modules-and-live-refresh@1.0.0 dev: `webpack-dev-server --port 8090 --devtool eval --progress --colors --content-base build`
20 error spawn ENOENT
21 error Failed at the webpack-dead-simple-with-own-modules-and-live-refresh@1.0.0 dev script 'webpack-dev-server --port 8090 --devtool eval --progress --colors --content-base build'.
21 error This is most likely a problem with the webpack-dead-simple-with-own-modules-and-live-refresh package,
21 error not with npm itself.
21 error Tell the author that this fails on your system:
21 error     webpack-dev-server --port 8090 --devtool eval --progress --colors --content-base build
21 error You can get their info via:
21 error     npm owner ls webpack-dead-simple-with-own-modules-and-live-refresh
21 error There is likely additional logging output above.
22 verbose exit [ 1, true ]
